#
# There is insufficient memory for the Java Runtime Environment to continue.
# Native memory allocation (mmap) failed to map 132120576 bytes for G1 virtual space
# Possible reasons:
#   The system is out of physical RAM or swap space
#   The process is running with CompressedOops enabled, and the Java Heap may be blocking the growth of the native heap
# Possible solutions:
#   Reduce memory load on the system
#   Increase physical memory or swap space
#   Check if swap backing store is full
#   Decrease Java heap size (-Xmx/-Xms)
#   Decrease number of Java threads
#   Decrease Java thread stack sizes (-Xss)
#   Set larger code cache with -XX:ReservedCodeCacheSize=
#   JVM is running with Unscaled Compressed Oops mode in which the Java heap is
#     placed in the first 4GB address space. The Java Heap base address is the
#     maximum limit for the native heap growth. Please use -XX:HeapBaseMinAddress
#     to set the Java Heap base and to place the Java Heap above 4GB virtual address.
# This output file may be truncated or incomplete.
#
#  Out of Memory Error (os_windows.cpp:3552), pid=15588, tid=17708
#
# JRE version:  (17.0.9+11) (build )
# Java VM: Java HotSpot(TM) 64-Bit Server VM (17.0.9+11-LTS-201, mixed mode, sharing, tiered, compressed oops, compressed class ptrs, g1 gc, windows-amd64)
# No core dump will be written. Minidumps are not enabled by default on client versions of Windows
#

---------------  S U M M A R Y ------------

Command Line: -XX:+ShowCodeDetailsInExceptionMessages -Dspring.jmx.enabled=true -Dmanagement.endpoints.jmx.exposure.include=* -Dspring.application.admin.enabled=true -Dspring.boot.project.name=app-bookingflight -Djava.rmi.server.hostname=localhost -Dcom.sun.management.jmxremote.port=45556 -Dcom.sun.management.jmxremote.authenticate=false -Dcom.sun.management.jmxremote.ssl=false com.bookingflight.app.AppApplication

Host: Intel(R) Core(TM) i5-8265U CPU @ 1.60GHz, 8 cores, 7G,  Windows 11 , 64 bit Build 26100 (10.0.26100.3360)
Time: Sun Mar 23 19:22:19 2025 SE Asia Standard Time elapsed time: 0.022185 seconds (0d 0h 0m 0s)

---------------  T H R E A D  ---------------

Current thread (0x000002d5f20e0d60):  JavaThread "Unknown thread" [_thread_in_vm, id=17708, stack(0x000000fc41d00000,0x000000fc41e00000)]

Stack: [0x000000fc41d00000,0x000000fc41e00000]
Native frames: (J=compiled Java code, j=interpreted, Vv=VM code, C=native code)
V  [jvm.dll+0x678a4a]
V  [jvm.dll+0x7d9cfd]
V  [jvm.dll+0x7db60e]
V  [jvm.dll+0x7dbc73]
V  [jvm.dll+0x245e1f]
V  [jvm.dll+0x6758f9]
V  [jvm.dll+0x66a2a2]
V  [jvm.dll+0x303686]
V  [jvm.dll+0x30ac06]
V  [jvm.dll+0x35a48e]
V  [jvm.dll+0x35a6bf]
V  [jvm.dll+0x2da678]
V  [jvm.dll+0x2db5e4]
V  [jvm.dll+0x7ab6b1]
V  [jvm.dll+0x368041]
V  [jvm.dll+0x78a749]
V  [jvm.dll+0x3ebd4f]
V  [jvm.dll+0x3ed7d1]
C  [jli.dll+0x5297]
C  [ucrtbase.dll+0x37b0]
C  [KERNEL32.DLL+0x2e8d7]
C  [ntdll.dll+0xb197c]


---------------  P R O C E S S  ---------------

Threads class SMR info:
_java_thread_list=0x00007ffe7b0989d8, length=0, elements={
}

Java Threads: ( => current thread )

Other Threads:
  0x000002d5f2144170 GCTaskThread "GC Thread#0" [stack: 0x000000fc41e00000,0x000000fc41f00000] [id=13980]
  0x000002d5f21568e0 ConcurrentGCThread "G1 Main Marker" [stack: 0x000000fc41f00000,0x000000fc42000000] [id=6660]
  0x000002d5f2157a90 ConcurrentGCThread "G1 Conc#0" [stack: 0x000000fc42000000,0x000000fc42100000] [id=19620]

[error occurred during error reporting (printing all threads), id 0xc0000005, EXCEPTION_ACCESS_VIOLATION (0xc0000005) at pc=0x00007ffe7a8cb2d7]

VM state: not at safepoint (not fully initialized)

VM Mutex/Monitor currently owned by a thread:  ([mutex/lock_event])
[0x000002d5f20d1910] Heap_lock - owner thread: 0x000002d5f20e0d60

Heap address: 0x0000000082600000, size: 2010 MB, Compressed Oops mode: 32-bit

CDS archive(s) mapped at: [0x0000000000000000-0x0000000000000000-0x0000000000000000), size 0, SharedBaseAddress: 0x0000000800000000, ArchiveRelocationMode: 1.
Narrow klass base: 0x0000000000000000, Narrow klass shift: 0, Narrow klass range: 0x0

GC Precious Log:
<Empty>

Heap:
 garbage-first heap   total 0K, used 0K [0x0000000082600000, 0x0000000100000000)
  region size 1024K, 0 young (0K), 0 survivors (0K)

[error occurred during error reporting (printing heap information), id 0xc0000005, EXCEPTION_ACCESS_VIOLATION (0xc0000005) at pc=0x00007ffe7acb2229]

GC Heap History (0 events):
No events

Deoptimization events (0 events):
No events

Classes unloaded (0 events):
No events

Classes redefined (0 events):
No events

Internal exceptions (0 events):
No events

VM Operations (0 events):
No events

Events (1 events):
Event: 0.013 Loaded shared library C:\Program Files\Java\jdk-17\bin\java.dll


Dynamic libraries:
0x00007ff6221a0000 - 0x00007ff6221b0000 	C:\Program Files\Java\jdk-17\bin\java.exe
0x00007ffed3220000 - 0x00007ffed3480000 	C:\WINDOWS\SYSTEM32\ntdll.dll
0x00007ffed1950000 - 0x00007ffed1a17000 	C:\WINDOWS\System32\KERNEL32.DLL
0x00007ffed09e0000 - 0x00007ffed0da9000 	C:\WINDOWS\System32\KERNELBASE.dll
0x00007ffed0750000 - 0x00007ffed089c000 	C:\WINDOWS\System32\ucrtbase.dll
0x00007ffec4a00000 - 0x00007ffec4a1b000 	C:\Program Files\Java\jdk-17\bin\VCRUNTIME140.dll
0x00007ffec5100000 - 0x00007ffec5119000 	C:\Program Files\Java\jdk-17\bin\jli.dll
0x00007ffed2c80000 - 0x00007ffed2d32000 	C:\WINDOWS\System32\ADVAPI32.dll
0x00007ffed18a0000 - 0x00007ffed1949000 	C:\WINDOWS\System32\msvcrt.dll
0x00007ffed25a0000 - 0x00007ffed2646000 	C:\WINDOWS\System32\sechost.dll
0x00007ffed1020000 - 0x00007ffed1136000 	C:\WINDOWS\System32\RPCRT4.dll
0x00007ffed23d0000 - 0x00007ffed2599000 	C:\WINDOWS\System32\USER32.dll
0x00007ffed0e70000 - 0x00007ffed0e97000 	C:\WINDOWS\System32\win32u.dll
0x00007ffed1200000 - 0x00007ffed122a000 	C:\WINDOWS\System32\GDI32.dll
0x00007ffed08a0000 - 0x00007ffed09d1000 	C:\WINDOWS\System32\gdi32full.dll
0x00007ffeaf6b0000 - 0x00007ffeaf947000 	C:\WINDOWS\WinSxS\amd64_microsoft.windows.common-controls_6595b64144ccf1df_6.0.26100.3380_none_3e0ec6aae32e8fb7\COMCTL32.dll
0x00007ffed06a0000 - 0x00007ffed0743000 	C:\WINDOWS\System32\msvcp_win.dll
0x00007ffebb760000 - 0x00007ffebb76b000 	C:\WINDOWS\SYSTEM32\VERSION.dll
0x00007ffed1510000 - 0x00007ffed153f000 	C:\WINDOWS\System32\IMM32.DLL
0x00007ffece830000 - 0x00007ffece83c000 	C:\Program Files\Java\jdk-17\bin\vcruntime140_1.dll
0x00007ffea5620000 - 0x00007ffea56ae000 	C:\Program Files\Java\jdk-17\bin\msvcp140.dll
0x00007ffe7a5e0000 - 0x00007ffe7b1c1000 	C:\Program Files\Java\jdk-17\bin\server\jvm.dll
0x00007ffed1a20000 - 0x00007ffed1a28000 	C:\WINDOWS\System32\PSAPI.DLL
0x00007ffeb4010000 - 0x00007ffeb401a000 	C:\WINDOWS\SYSTEM32\WSOCK32.dll
0x00007ffece610000 - 0x00007ffece646000 	C:\WINDOWS\SYSTEM32\WINMM.dll
0x00007ffed15c0000 - 0x00007ffed1634000 	C:\WINDOWS\System32\WS2_32.dll
0x00007ffecf2f0000 - 0x00007ffecf30a000 	C:\WINDOWS\SYSTEM32\kernel.appcore.dll
0x00007ffece6b0000 - 0x00007ffece6ba000 	C:\Program Files\Java\jdk-17\bin\jimage.dll
0x00007ffece360000 - 0x00007ffece5a1000 	C:\WINDOWS\SYSTEM32\DBGHELP.DLL
0x00007ffed2d40000 - 0x00007ffed30c2000 	C:\WINDOWS\System32\combase.dll
0x00007ffed1230000 - 0x00007ffed1306000 	C:\WINDOWS\System32\OLEAUT32.dll
0x00007ffece5d0000 - 0x00007ffece609000 	C:\WINDOWS\SYSTEM32\dbgcore.DLL
0x00007ffed0570000 - 0x00007ffed0609000 	C:\WINDOWS\System32\bcryptPrimitives.dll
0x00007ffec19c0000 - 0x00007ffec19e5000 	C:\Program Files\Java\jdk-17\bin\java.dll

dbghelp: loaded successfully - version: 4.0.5 - missing functions: none
symbol engine: initialized successfully - sym options: 0x614 - pdb path: .;C:\Program Files\Java\jdk-17\bin;C:\WINDOWS\SYSTEM32;C:\WINDOWS\WinSxS\amd64_microsoft.windows.common-controls_6595b64144ccf1df_6.0.26100.3380_none_3e0ec6aae32e8fb7;C:\Program Files\Java\jdk-17\bin\server

VM Arguments:
jvm_args: -XX:+ShowCodeDetailsInExceptionMessages -Dspring.jmx.enabled=true -Dmanagement.endpoints.jmx.exposure.include=* -Dspring.application.admin.enabled=true -Dspring.boot.project.name=app-bookingflight -Djava.rmi.server.hostname=localhost -Dcom.sun.management.jmxremote.port=45556 -Dcom.sun.management.jmxremote.authenticate=false -Dcom.sun.management.jmxremote.ssl=false 
java_command: com.bookingflight.app.AppApplication
java_class_path (initial): C:\Users\TRAN HUU QUANG\Documents\Project_java\bookingflight\bin\main;C:\Users\TRAN HUU QUANG\Documents\Project_java\bookingflight\bin\test;C:\Users\TRAN HUU QUANG\Documents\Project_java\bookingflight\bin\default;C:\Users\TRAN HUU QUANG\.gradle\caches\modules-2\files-2.1\org.mapstruct\mapstruct\1.5.5.Final\2ca3cbe39b6e9ea8d5ea521965a89bef2a1e8eeb\mapstruct-1.5.5.Final.jar;C:\Users\TRAN HUU QUANG\.gradle\caches\modules-2\files-2.1\org.springframework.boot\spring-boot-starter-security\3.4.4\796c83e0f08979c87b62d19d7d956d1ea453f4cd\spring-boot-starter-security-3.4.4.jar;C:\Users\TRAN HUU QUANG\.gradle\caches\modules-2\files-2.1\org.springframework.boot\spring-boot-starter-web\3.4.4\441c0c71f38783c1d34b8bac5f06f1fa6b103274\spring-boot-starter-web-3.4.4.jar;C:\Users\TRAN HUU QUANG\.gradle\caches\modules-2\files-2.1\org.springframework.boot\spring-boot-starter-data-jpa\3.4.4\7e0ab04a0aa460295c7a2e485c7809a733469824\spring-boot-starter-data-jpa-3.4.4.jar;C:\Users\TRAN HUU QUANG\.gradle\caches\modules-2\files-2.1\org.springframework.boot\spring-boot-starter-actuator\3.4.4\e574e9f17229988e61095b738102991e7f72fed\spring-boot-starter-actuator-3.4.4.jar;C:\Users\TRAN HUU QUANG\.gradle\caches\modules-2\files-2.1\org.springframework.boot\spring-boot-starter-json\3.4.4\7f7ca72abcab50661b7b5d23f63b3bc2375bb2b3\spring-boot-starter-json-3.4.4.jar;C:\Users\TRAN HUU QUANG\.gradle\caches\modules-2\files-2.1\org.springframework.boot\spring-boot-starter-jdbc\3.4.4\c1059487b20babd2e0552d285d64d3cb655d0c4d\spring-boot-starter-jdbc-3.4.4.jar;C:\Users\TRAN HUU QUANG\.gradle\caches\modules-2\files-2.1\org.springframework.boot\spring-boot-starter\3.4.4\6ad00ebe69a28a5c1c97f80f81920d65e0e4250b\spring-boot-starter-3.4.4.jar;C:\Users\TRAN HUU QUANG\.gradle\caches\modules-2\files-2.1\org.projectlombok\lombok\1.18.36\5a30490a6e14977d97d9c73c924c1f1b5311ea95\lombok-1.18.36.jar;C:\Users\TRAN HUU QUANG\.gradle\caches\modules-2\files-2.1\org.springframework.boot\spring-boot-
Launcher Type: SUN_STANDARD

[Global flags]
     intx CICompilerCount                          = 4                                         {product} {ergonomic}
     uint ConcGCThreads                            = 2                                         {product} {ergonomic}
     uint G1ConcRefinementThreads                  = 8                                         {product} {ergonomic}
   size_t G1HeapRegionSize                         = 1048576                                   {product} {ergonomic}
    uintx GCDrainStackTargetSize                   = 64                                        {product} {ergonomic}
   size_t InitialHeapSize                          = 132120576                                 {product} {ergonomic}
     bool ManagementServer                         = true                                      {product} {command line}
   size_t MarkStackSize                            = 4194304                                   {product} {ergonomic}
   size_t MaxHeapSize                              = 2107637760                                {product} {ergonomic}
   size_t MinHeapDeltaBytes                        = 1048576                                   {product} {ergonomic}
   size_t MinHeapSize                              = 8388608                                   {product} {ergonomic}
    uintx NonNMethodCodeHeapSize                   = 5839372                                {pd product} {ergonomic}
    uintx NonProfiledCodeHeapSize                  = 122909434                              {pd product} {ergonomic}
    uintx ProfiledCodeHeapSize                     = 122909434                              {pd product} {ergonomic}
    uintx ReservedCodeCacheSize                    = 251658240                              {pd product} {ergonomic}
     bool SegmentedCodeCache                       = true                                      {product} {ergonomic}
     bool ShowCodeDetailsInExceptionMessages       = true                                   {manageable} {command line}
   size_t SoftMaxHeapSize                          = 2107637760                             {manageable} {ergonomic}
     bool UseCompressedClassPointers               = true                           {product lp64_product} {ergonomic}
     bool UseCompressedOops                        = true                           {product lp64_product} {ergonomic}
     bool UseG1GC                                  = true                                      {product} {ergonomic}
     bool UseLargePagesIndividualAllocation        = false                                  {pd product} {ergonomic}

Logging:
Log output configuration:
 #0: stdout all=warning uptime,level,tags
 #1: stderr all=off uptime,level,tags

Environment Variables:
JAVA_HOME=C:\Program Files\Java\jdk-17
PATH=C:\Program Files\Common Files\Oracle\Java\javapath;C:\Python313\Scripts\;C:\Python313\;C:\Program Files\Microsoft MPI\Bin\;C:\WINDOWS\system32;C:\WINDOWS;C:\WINDOWS\System32\Wbem;C:\WINDOWS\System32\WindowsPowerShell\v1.0\;C:\WINDOWS\System32\OpenSSH\;C:\Program Files (x86)\Microsoft SQL Server\160\Tools\Binn\;C:\Program Files\Microsoft SQL Server\160\Tools\Binn\;C:\Program Files\Microsoft SQL Server\Client SDK\ODBC\170\Tools\Binn\;C:\Program Files\Microsoft SQL Server\160\DTS\Binn\;C:\composer;C:\ProgramData\chocolatey\bin;C:\xampp\mysql\bin;C:\Program Files (x86)\Windows Kits\10\Windows Performance Toolkit\;C:\Program Files (x86)\mingw-w64\i686-8.1.0-posix-dwarf-rt_v6-rev0\mingw32\bin;C:\Program Files\dotnet\;C:\Program Files (x86)\Microsoft SQL Server\160\DTS\Binn\;C:\Program Files\Git\cmd;C:\Program Files\nodejs\;C:\Program Files\MySQL\MySQL Shell 8.0\bin\;C:\xampp\php;C:\Program Files\Azure Data Studio\bin;C:\Users\TRAN HUU QUANG\AppData\Roaming\Composer\vendor\bin;C:\xampp\mysql\bin;C:\mingw64\bin;C:\Users\TRAN HUU QUANG\AppData\Local\Programs\Microsoft VS Code\bin;C:\Users\TRAN HUU QUANG\.dotnet\tools;C:\Users\TRAN HUU QUANG\AppData\Roaming\npm;C:\Users\TRAN HUU QUANG\AppData\Local\Microsoft\WindowsApps;
USERNAME=TRAN HUU DUC
LANG=en_US.UTF-8
OS=Windows_NT
PROCESSOR_IDENTIFIER=Intel64 Family 6 Model 142 Stepping 12, GenuineIntel



---------------  S Y S T E M  ---------------

OS:
 Windows 11 , 64 bit Build 26100 (10.0.26100.3360)
OS uptime: 12 days 3:03 hours
Hyper-V role detected

CPU: total 8 (initial active 8) (4 cores per cpu, 2 threads per core) family 6 model 142 stepping 12 microcode 0xf8, cx8, cmov, fxsr, ht, mmx, 3dnowpref, sse, sse2, sse3, ssse3, sse4.1, sse4.2, popcnt, lzcnt, tsc, tscinvbit, avx, avx2, aes, erms, clmul, bmi1, bmi2, adx, fma, vzeroupper, clflush, clflushopt, hv

Memory: 4k page, system-wide physical 8034M (547M free)
TotalPageFile size 27351M (AvailPageFile size 70M)
current process WorkingSet (physical memory assigned to process): 12M, peak: 12M
current process commit charge ("private bytes"): 60M, peak: 186M

vm_info: Java HotSpot(TM) 64-Bit Server VM (17.0.9+11-LTS-201) for windows-amd64 JRE (17.0.9+11-LTS-201), built on Oct 10 2023 23:16:06 by "mach5one" with MS VC++ 17.1 (VS2022)

END.
